<?xml version='1.0' encoding='UTF-8'?>
<testsuite hostname="fedora" name="DeckSpec" tests="10" errors="0" failures="0" skipped="0" time="0.076" timestamp="2024-12-06T17:57:10">
          <properties>
[...]
</properties>
          <testcase classname="DeckSpec" name="A default Deck should have 48 cards" time="0.031">
                      
                    </testcase><testcase classname="DeckSpec" name="A default Deck should have 4 cards of each month" time="0.011">
                      
                    </testcase><testcase classname="DeckSpec" name="A default Deck should have 5 Hikari cards" time="0.001">
                      
                    </testcase><testcase classname="DeckSpec" name="A default Deck should have 9 Tane cards" time="0.006">
                      
                    </testcase><testcase classname="DeckSpec" name="A default Deck should have 10 Tanzaku cards, 4 of which plain, 3 poetry, 3 blue" time="0.002">
                      
                    </testcase><testcase classname="DeckSpec" name="A default Deck should have 24 Kasu cards, all of them plain except lightning" time="0.013">
                      
                    </testcase><testcase classname="DeckSpec" name="Poll should return a card and a deck without that exact card" time="0.01">
                      
                    </testcase><testcase classname="DeckSpec" name="Poll should return None and the same deck if the deck is empty" time="0.0">
                      
                    </testcase><testcase classname="DeckSpec" name="Poll Multiple should poll n cards from the deck" time="0.001">
                      
                    </testcase><testcase classname="DeckSpec" name="Poll Multiple should return an empty list and the same deck if the deck is empty" time="0.001">
                      
                    </testcase>
          <system-out><![CDATA[]]></system-out>
          <system-err><![CDATA[]]></system-err>
        </testsuite>