<?xml version='1.0' encoding='UTF-8'?>
<testsuite hostname="fedora" name="GameSpec" tests="29" errors="0" failures="0" skipped="0" time="0.113" timestamp="2024-12-06T17:57:10">
          <properties>
[...]
</properties>
          <testcase classname="GameSpec" name="updateGameStateWithDisplayType[GameStatePlanned] should set displayType attribute correctly" time="0.033">
                      
                    </testcase><testcase classname="GameSpec" name="updateGameStateWithError should return a copy with the provided stderr included" time="0.001">
                      
                    </testcase><testcase classname="GameSpec" name="handleDiscard[GameStatePlanned] should return error on invalid input" time="0.019">
                      
                    </testcase><testcase classname="GameSpec" name="handleDiscard[GameStatePlanned] should only discard as last resort" time="0.022">
                      
                    </testcase><testcase classname="GameSpec" name="handleDiscard[GameStatePlanned] should discard properly" time="0.001">
                      
                    </testcase><testcase classname="GameSpec" name="handleDiscard[GameStateRandom] should return error on invalid input" time="0.001">
                      
                    </testcase><testcase classname="GameSpec" name="handleDiscard[GameStateRandom] should only discard as last resort" time="0.0">
                      
                    </testcase><testcase classname="GameSpec" name="handleDiscard[GameStateRandom] should discard properly" time="0.003">
                      
                    </testcase><testcase classname="GameSpec" name="handleDiscard[GameStateRandom] should check for koi-koi" time="0.003">
                      
                    </testcase><testcase classname="GameSpec" name="handleMatch[GameStatePlanned] should return error for invalid input" time="0.009">
                      
                    </testcase><testcase classname="GameSpec" name="handleMatch[GameStatePlanned] should match default rules properly" time="0.002">
                      
                    </testcase><testcase classname="GameSpec" name="handleMatch[GameStatePlanned] should match 3/4 rule properly" time="0.002">
                      
                    </testcase><testcase classname="GameSpec" name="handleMatch[GameStateRandom] should return error for invalid input" time="0.001">
                      
                    </testcase><testcase classname="GameSpec" name="handleMatch[GameStateRandom] should match default rules properly" time="0.001">
                      
                    </testcase><testcase classname="GameSpec" name="handleMatch[GameStateRandom] should match 3/4 rule properly" time="0.008">
                      
                    </testcase><testcase classname="GameSpec" name="handleMatch[GameStateRandom] should check for koi-koi in default match" time="0.001">
                      
                    </testcase><testcase classname="GameSpec" name="handleMatch[GameStateRandom] should check for koi-koi in 3/4 rule" time="0.001">
                      
                    </testcase><testcase classname="GameSpec" name="handleMatch[GameStateRandom] should proceed to summary if deck is empty or both players hands are empty" time="0.001">
                      
                    </testcase><testcase classname="GameSpec" name="updateGameStateWithDisplayType[GameStateRandom] should set displayType attribute correctly" time="0.0">
                      
                    </testcase><testcase classname="GameSpec" name="updateGameStateWithDisplayType[GameStatePendingKoiKoi] should set displayType attribute correctly" time="0.0">
                      
                    </testcase><testcase classname="GameSpec" name="updateGameStateWithError[GameStatePendingKoiKoi], handleDiscard and handleMatch should return Some in stderr" time="0.001">
                      
                    </testcase><testcase classname="GameSpec" name="GameStateSummary should initialize regular values to None or empty" time="0.0">
                      
                    </testcase><testcase classname="GameSpec" name="updateGameStateWithDisplayType[GameStateSummary] should set displayType attribute correctly" time="0.001">
                      
                    </testcase><testcase classname="GameSpec" name="handleMatch[GameStateSummary] should return error in stderr" time="0.001">
                      
                    </testcase><testcase classname="GameSpec" name="handleDiscard[GameStateSummary] should return error in stderr" time="0.001">
                      
                    </testcase><testcase classname="GameSpec" name="GameStateUninitialized should initialize regular values to None or empty" time="0.0">
                      
                    </testcase><testcase classname="GameSpec" name="updateGameStateWithDisplayType[GameStateUninitialized] should set displayType attribute correctly" time="0.0">
                      
                    </testcase><testcase classname="GameSpec" name="handleMatch[GameStateUninitialized] should return error in stderr" time="0.0">
                      
                    </testcase><testcase classname="GameSpec" name="handleDiscard[GameStateUninitialized] should return error in stderr" time="0.0">
                      
                    </testcase>
          <system-out><![CDATA[]]></system-out>
          <system-err><![CDATA[]]></system-err>
        </testsuite>