<?xml version='1.0' encoding='UTF-8'?>
<testsuite hostname="fedora" name="CardTypeSpec" tests="1" errors="0" failures="0" skipped="0" time="0.048" timestamp="2024-12-06T17:57:10">
          <properties>
[...]
</properties>
          <testcase classname="CardTypeSpec" name="CardType should return correct unicode for each card type" time="0.048">
                      
                    </testcase>
          <system-out><![CDATA[]]></system-out>
          <system-err><![CDATA[]]></system-err>
        </testsuite>